<?xml version="1.0" encoding="UTF-8"?>
<!-- Generated by org.testng.reporters.JUnitReportReporter -->
<testsuite hostname="DESKTOP-T84OJOU" failures="0" tests="1" name="test.java.Runner.runTest" time="22.647" errors="0" timestamp="2022-12-16T16:59:51 BOT" skipped="0">
  <testcase classname="test.java.Runner.runTest" name="runScenario" time="22.647"/>
  <system-out/>
</testsuite> <!-- test.java.Runner.runTest -->
